\BOOKMARK [0][-]{chapter.1}{\376\377\000H\000i\000e\000r\000a\000r\000c\000h\000i\000c\000a\000l\000\040\000I\000n\000d\000e\000x}{}% 1
\BOOKMARK [1][-]{section.1.1}{\376\377\000C\000l\000a\000s\000s\000\040\000H\000i\000e\000r\000a\000r\000c\000h\000y}{chapter.1}% 2
\BOOKMARK [0][-]{chapter.2}{\376\377\000C\000l\000a\000s\000s\000\040\000I\000n\000d\000e\000x}{}% 3
\BOOKMARK [1][-]{section.2.1}{\376\377\000C\000l\000a\000s\000s\000\040\000L\000i\000s\000t}{chapter.2}% 4
\BOOKMARK [0][-]{chapter.3}{\376\377\000C\000l\000a\000s\000s\000\040\000D\000o\000c\000u\000m\000e\000n\000t\000a\000t\000i\000o\000n}{}% 5
\BOOKMARK [1][-]{section.3.1}{\376\377\000B\000o\000m\000b\000S\000c\000r\000i\000p\000t\000\040\000C\000l\000a\000s\000s\000\040\000R\000e\000f\000e\000r\000e\000n\000c\000e}{chapter.3}% 6
\BOOKMARK [2][-]{subsection.3.1.1}{\376\377\000M\000e\000m\000b\000e\000r\000\040\000F\000u\000n\000c\000t\000i\000o\000n\000\040\000D\000o\000c\000u\000m\000e\000n\000t\000a\000t\000i\000o\000n}{section.3.1}% 7
\BOOKMARK [3][-]{subsubsection.3.1.1.1}{\376\377\000O\000n\000T\000r\000i\000g\000g\000e\000r\000E\000n\000t\000e\000r}{subsection.3.1.1}% 8
\BOOKMARK [3][-]{subsubsection.3.1.1.2}{\376\377\000S\000t\000a\000r\000t}{subsection.3.1.1}% 9
\BOOKMARK [3][-]{subsubsection.3.1.1.3}{\376\377\000U\000p\000d\000a\000t\000e}{subsection.3.1.1}% 10
\BOOKMARK [2][-]{subsection.3.1.2}{\376\377\000M\000e\000m\000b\000e\000r\000\040\000D\000a\000t\000a\000\040\000D\000o\000c\000u\000m\000e\000n\000t\000a\000t\000i\000o\000n}{section.3.1}% 11
\BOOKMARK [3][-]{subsubsection.3.1.2.1}{\376\377\000B\000o\000m\000b\000E\000n\000e\000m\000y}{subsection.3.1.2}% 12
\BOOKMARK [3][-]{subsubsection.3.1.2.2}{\376\377\000E\000n\000e\000m\000y\000S\000p\000e\000e\000d}{subsection.3.1.2}% 13
\BOOKMARK [3][-]{subsubsection.3.1.2.3}{\376\377\000E\000x\000p\000l\000o\000s\000i\000o\000n\000S\000D}{subsection.3.1.2}% 14
\BOOKMARK [1][-]{section.3.2}{\376\377\000B\000u\000l\000l\000e\000t\000s\000\040\000C\000l\000a\000s\000s\000\040\000R\000e\000f\000e\000r\000e\000n\000c\000e}{chapter.3}% 15
\BOOKMARK [2][-]{subsection.3.2.1}{\376\377\000M\000e\000m\000b\000e\000r\000\040\000F\000u\000n\000c\000t\000i\000o\000n\000\040\000D\000o\000c\000u\000m\000e\000n\000t\000a\000t\000i\000o\000n}{section.3.2}% 16
\BOOKMARK [3][-]{subsubsection.3.2.1.1}{\376\377\000O\000n\000T\000r\000i\000g\000g\000e\000r\000E\000n\000t\000e\000r}{subsection.3.2.1}% 17
\BOOKMARK [3][-]{subsubsection.3.2.1.2}{\376\377\000U\000p\000d\000a\000t\000e}{subsection.3.2.1}% 18
\BOOKMARK [2][-]{subsection.3.2.2}{\376\377\000M\000e\000m\000b\000e\000r\000\040\000D\000a\000t\000a\000\040\000D\000o\000c\000u\000m\000e\000n\000t\000a\000t\000i\000o\000n}{section.3.2}% 19
\BOOKMARK [3][-]{subsubsection.3.2.2.1}{\376\377\000B\000u\000l\000l\000e\000t\000s\000p\000e\000e\000d}{subsection.3.2.2}% 20
\BOOKMARK [3][-]{subsubsection.3.2.2.2}{\376\377\000D\000m\000g}{subsection.3.2.2}% 21
\BOOKMARK [1][-]{section.3.3}{\376\377\000D\000e\000s\000t\000r\000o\000y\000B\000y\000T\000i\000m\000e\000\040\000C\000l\000a\000s\000s\000\040\000R\000e\000f\000e\000r\000e\000n\000c\000e}{chapter.3}% 22
\BOOKMARK [2][-]{subsection.3.3.1}{\376\377\000M\000e\000m\000b\000e\000r\000\040\000F\000u\000n\000c\000t\000i\000o\000n\000\040\000D\000o\000c\000u\000m\000e\000n\000t\000a\000t\000i\000o\000n}{section.3.3}% 23
\BOOKMARK [3][-]{subsubsection.3.3.1.1}{\376\377\000S\000t\000a\000r\000t}{subsection.3.3.1}% 24
\BOOKMARK [2][-]{subsection.3.3.2}{\376\377\000M\000e\000m\000b\000e\000r\000\040\000D\000a\000t\000a\000\040\000D\000o\000c\000u\000m\000e\000n\000t\000a\000t\000i\000o\000n}{section.3.3}% 25
\BOOKMARK [3][-]{subsubsection.3.3.2.1}{\376\377\000l\000i\000f\000e\000t\000i\000m\000e}{subsection.3.3.2}% 26
\BOOKMARK [1][-]{section.3.4}{\376\377\000G\000a\000m\000e\000C\000a\000m\000e\000r\000a\000\040\000C\000l\000a\000s\000s\000\040\000R\000e\000f\000e\000r\000e\000n\000c\000e}{chapter.3}% 27
\BOOKMARK [2][-]{subsection.3.4.1}{\376\377\000M\000e\000m\000b\000e\000r\000\040\000F\000u\000n\000c\000t\000i\000o\000n\000\040\000D\000o\000c\000u\000m\000e\000n\000t\000a\000t\000i\000o\000n}{section.3.4}% 28
\BOOKMARK [3][-]{subsubsection.3.4.1.1}{\376\377\000I\000n\000c\000r\000e\000m\000e\000n\000t\000T\000o\000w\000a\000r\000d\000s}{subsection.3.4.1}% 29
\BOOKMARK [3][-]{subsubsection.3.4.1.2}{\376\377\000S\000e\000t\000T\000a\000r\000g\000e\000t}{subsection.3.4.1}% 30
\BOOKMARK [3][-]{subsubsection.3.4.1.3}{\376\377\000U\000p\000d\000a\000t\000e}{subsection.3.4.1}% 31
\BOOKMARK [2][-]{subsection.3.4.2}{\376\377\000M\000e\000m\000b\000e\000r\000\040\000D\000a\000t\000a\000\040\000D\000o\000c\000u\000m\000e\000n\000t\000a\000t\000i\000o\000n}{section.3.4}% 32
\BOOKMARK [3][-]{subsubsection.3.4.2.1}{\376\377\000t\000a\000r\000g\000e\000t}{subsection.3.4.2}% 33
\BOOKMARK [3][-]{subsubsection.3.4.2.2}{\376\377\000t\000r\000a\000c\000k\000S\000p\000e\000e\000d}{subsection.3.4.2}% 34
\BOOKMARK [1][-]{section.3.5}{\376\377\000G\000a\000m\000e\000C\000o\000n\000t\000r\000o\000l\000l\000e\000r\000\040\000C\000l\000a\000s\000s\000\040\000R\000e\000f\000e\000r\000e\000n\000c\000e}{chapter.3}% 35
\BOOKMARK [2][-]{subsection.3.5.1}{\376\377\000M\000e\000m\000b\000e\000r\000\040\000F\000u\000n\000c\000t\000i\000o\000n\000\040\000D\000o\000c\000u\000m\000e\000n\000t\000a\000t\000i\000o\000n}{section.3.5}% 36
\BOOKMARK [3][-]{subsubsection.3.5.1.1}{\376\377\000S\000t\000a\000r\000t}{subsection.3.5.1}% 37
\BOOKMARK [3][-]{subsubsection.3.5.1.2}{\376\377\000U\000p\000d\000a\000t\000e}{subsection.3.5.1}% 38
\BOOKMARK [2][-]{subsection.3.5.2}{\376\377\000M\000e\000m\000b\000e\000r\000\040\000D\000a\000t\000a\000\040\000D\000o\000c\000u\000m\000e\000n\000t\000a\000t\000i\000o\000n}{section.3.5}% 39
\BOOKMARK [3][-]{subsubsection.3.5.2.1}{\376\377\000h\000a\000z\000a\000r\000d}{subsection.3.5.2}% 40
\BOOKMARK [3][-]{subsubsection.3.5.2.2}{\376\377\000h\000a\000z\000a\000r\000d\000C\000o\000u\000n\000t}{subsection.3.5.2}% 41
\BOOKMARK [3][-]{subsubsection.3.5.2.3}{\376\377\000O\000b\000j\000e\000c\000t\0001}{subsection.3.5.2}% 42
\BOOKMARK [3][-]{subsubsection.3.5.2.4}{\376\377\000O\000b\000j\000e\000c\000t\0002}{subsection.3.5.2}% 43
\BOOKMARK [3][-]{subsubsection.3.5.2.5}{\376\377\000O\000b\000j\000e\000c\000t\0003}{subsection.3.5.2}% 44
\BOOKMARK [3][-]{subsubsection.3.5.2.6}{\376\377\000s\000p\000a\000w\000n\000V\000a\000l\000u\000e\000s}{subsection.3.5.2}% 45
\BOOKMARK [3][-]{subsubsection.3.5.2.7}{\376\377\000s\000p\000a\000w\000n\000W\000a\000i\000t}{subsection.3.5.2}% 46
\BOOKMARK [3][-]{subsubsection.3.5.2.8}{\376\377\000s\000t\000a\000r\000t\000W\000a\000i\000t}{subsection.3.5.2}% 47
\BOOKMARK [3][-]{subsubsection.3.5.2.9}{\376\377\000w\000a\000v\000e\000W\000a\000i\000t}{subsection.3.5.2}% 48
\BOOKMARK [1][-]{section.3.6}{\376\377\000G\000a\000m\000e\000M\000a\000n\000a\000g\000e\000r\000\040\000C\000l\000a\000s\000s\000\040\000R\000e\000f\000e\000r\000e\000n\000c\000e}{chapter.3}% 49
\BOOKMARK [2][-]{subsection.3.6.1}{\376\377\000M\000e\000m\000b\000e\000r\000\040\000F\000u\000n\000c\000t\000i\000o\000n\000\040\000D\000o\000c\000u\000m\000e\000n\000t\000a\000t\000i\000o\000n}{section.3.6}% 50
\BOOKMARK [3][-]{subsubsection.3.6.1.1}{\376\377\000S\000p\000a\000w\000n\000P\000l\000a\000y\000e\000r}{subsection.3.6.1}% 51
\BOOKMARK [3][-]{subsubsection.3.6.1.2}{\376\377\000S\000t\000a\000r\000t}{subsection.3.6.1}% 52
\BOOKMARK [2][-]{subsection.3.6.2}{\376\377\000M\000e\000m\000b\000e\000r\000\040\000D\000a\000t\000a\000\040\000D\000o\000c\000u\000m\000e\000n\000t\000a\000t\000i\000o\000n}{section.3.6}% 53
\BOOKMARK [3][-]{subsubsection.3.6.2.1}{\376\377\000c\000a\000m}{subsection.3.6.2}% 54
\BOOKMARK [3][-]{subsubsection.3.6.2.2}{\376\377\000p\000l\000a\000y\000e\000r}{subsection.3.6.2}% 55
\BOOKMARK [1][-]{section.3.7}{\376\377\000H\000e\000a\000l\000t\000h\000\040\000C\000l\000a\000s\000s\000\040\000R\000e\000f\000e\000r\000e\000n\000c\000e}{chapter.3}% 56
\BOOKMARK [2][-]{subsection.3.7.1}{\376\377\000M\000e\000m\000b\000e\000r\000\040\000F\000u\000n\000c\000t\000i\000o\000n\000\040\000D\000o\000c\000u\000m\000e\000n\000t\000a\000t\000i\000o\000n}{section.3.7}% 57
\BOOKMARK [3][-]{subsubsection.3.7.1.1}{\376\377\000i\000s\000D\000e\000a\000d}{subsection.3.7.1}% 58
\BOOKMARK [3][-]{subsubsection.3.7.1.2}{\376\377\000R\000e\000c\000e\000i\000v\000e\000D\000m\000g}{subsection.3.7.1}% 59
\BOOKMARK [2][-]{subsection.3.7.2}{\376\377\000M\000e\000m\000b\000e\000r\000\040\000D\000a\000t\000a\000\040\000D\000o\000c\000u\000m\000e\000n\000t\000a\000t\000i\000o\000n}{section.3.7}% 60
\BOOKMARK [3][-]{subsubsection.3.7.2.1}{\376\377\000c\000u\000r\000r\000e\000n\000t\000H\000e\000a\000l\000t\000h}{subsection.3.7.2}% 61
\BOOKMARK [1][-]{section.3.8}{\376\377\000M\000e\000d\000P\000a\000c\000k\000\040\000C\000l\000a\000s\000s\000\040\000R\000e\000f\000e\000r\000e\000n\000c\000e}{chapter.3}% 62
\BOOKMARK [2][-]{subsection.3.8.1}{\376\377\000M\000e\000m\000b\000e\000r\000\040\000F\000u\000n\000c\000t\000i\000o\000n\000\040\000D\000o\000c\000u\000m\000e\000n\000t\000a\000t\000i\000o\000n}{section.3.8}% 63
\BOOKMARK [3][-]{subsubsection.3.8.1.1}{\376\377\000O\000n\000T\000r\000i\000g\000g\000e\000r\000E\000n\000t\000e\000r}{subsection.3.8.1}% 64
\BOOKMARK [3][-]{subsubsection.3.8.1.2}{\376\377\000U\000p\000d\000a\000t\000e}{subsection.3.8.1}% 65
\BOOKMARK [2][-]{subsection.3.8.2}{\376\377\000M\000e\000m\000b\000e\000r\000\040\000D\000a\000t\000a\000\040\000D\000o\000c\000u\000m\000e\000n\000t\000a\000t\000i\000o\000n}{section.3.8}% 66
\BOOKMARK [3][-]{subsubsection.3.8.2.1}{\376\377\000H\000e\000a\000l\000A\000M\000T}{subsection.3.8.2}% 67
\BOOKMARK [3][-]{subsubsection.3.8.2.2}{\376\377\000M\000e\000d\000S\000p\000e\000e\000d}{subsection.3.8.2}% 68
\BOOKMARK [1][-]{section.3.9}{\376\377\000O\000b\000j\000e\000c\000t\000B\000e\000h\000a\000v\000i\000o\000r\0002\000\040\000C\000l\000a\000s\000s\000\040\000R\000e\000f\000e\000r\000e\000n\000c\000e}{chapter.3}% 69
\BOOKMARK [1][-]{section.3.10}{\376\377\000P\000l\000a\000y\000e\000r\000C\000o\000n\000t\000r\000o\000l\000l\000e\000r\000\040\000C\000l\000a\000s\000s\000\040\000R\000e\000f\000e\000r\000e\000n\000c\000e}{chapter.3}% 70
\BOOKMARK [2][-]{subsection.3.10.1}{\376\377\000M\000e\000m\000b\000e\000r\000\040\000F\000u\000n\000c\000t\000i\000o\000n\000\040\000D\000o\000c\000u\000m\000e\000n\000t\000a\000t\000i\000o\000n}{section.3.10}% 71
\BOOKMARK [3][-]{subsubsection.3.10.1.1}{\376\377\000S\000t\000a\000r\000t}{subsection.3.10.1}% 72
\BOOKMARK [3][-]{subsubsection.3.10.1.2}{\376\377\000U\000p\000d\000a\000t\000e}{subsection.3.10.1}% 73
\BOOKMARK [2][-]{subsection.3.10.2}{\376\377\000M\000e\000m\000b\000e\000r\000\040\000D\000a\000t\000a\000\040\000D\000o\000c\000u\000m\000e\000n\000t\000a\000t\000i\000o\000n}{section.3.10}% 74
\BOOKMARK [3][-]{subsubsection.3.10.2.1}{\376\377\000a\000c\000c\000e\000l\000e\000r\000a\000t\000i\000o\000n}{subsection.3.10.2}% 75
\BOOKMARK [3][-]{subsubsection.3.10.2.2}{\376\377\000a\000m\000o\000u\000n\000t\000T\000o\000M\000o\000v\000e}{subsection.3.10.2}% 76
\BOOKMARK [3][-]{subsubsection.3.10.2.3}{\376\377\000c\000u\000r\000r\000e\000n\000t\000S\000p\000e\000e\000d}{subsection.3.10.2}% 77
\BOOKMARK [3][-]{subsubsection.3.10.2.4}{\376\377\000D\000e\000a\000t\000h\000S\000D}{subsection.3.10.2}% 78
\BOOKMARK [3][-]{subsubsection.3.10.2.5}{\376\377\000g\000r\000a\000v\000i\000t\000y}{subsection.3.10.2}% 79
\BOOKMARK [3][-]{subsubsection.3.10.2.6}{\376\377\000j\000u\000m\000p\000H\000e\000i\000g\000h\000t}{subsection.3.10.2}% 80
\BOOKMARK [3][-]{subsubsection.3.10.2.7}{\376\377\000J\000u\000m\000p\000S\000D}{subsection.3.10.2}% 81
\BOOKMARK [3][-]{subsubsection.3.10.2.8}{\376\377\000P\000l\000a\000y\000e\000r}{subsection.3.10.2}% 82
\BOOKMARK [3][-]{subsubsection.3.10.2.9}{\376\377\000p\000l\000a\000y\000e\000r\000P\000h\000y\000s\000i\000c\000s}{subsection.3.10.2}% 83
\BOOKMARK [3][-]{subsubsection.3.10.2.10}{\376\377\000R\000o\000l\000l\000S\000D}{subsection.3.10.2}% 84
\BOOKMARK [3][-]{subsubsection.3.10.2.11}{\376\377\000S\000h\000o\000t\000S\000D}{subsection.3.10.2}% 85
\BOOKMARK [3][-]{subsubsection.3.10.2.12}{\376\377\000s\000p\000e\000e\000d}{subsection.3.10.2}% 86
\BOOKMARK [3][-]{subsubsection.3.10.2.13}{\376\377\000t\000a\000r\000g\000e\000t\000S\000p\000e\000e\000d}{subsection.3.10.2}% 87
\BOOKMARK [1][-]{section.3.11}{\376\377\000P\000l\000a\000y\000e\000r\000P\000h\000y\000s\000i\000c\000s\000\040\000C\000l\000a\000s\000s\000\040\000R\000e\000f\000e\000r\000e\000n\000c\000e}{chapter.3}% 88
\BOOKMARK [2][-]{subsection.3.11.1}{\376\377\000M\000e\000m\000b\000e\000r\000\040\000F\000u\000n\000c\000t\000i\000o\000n\000\040\000D\000o\000c\000u\000m\000e\000n\000t\000a\000t\000i\000o\000n}{section.3.11}% 89
\BOOKMARK [3][-]{subsubsection.3.11.1.1}{\376\377\000M\000o\000v\000e}{subsection.3.11.1}% 90
\BOOKMARK [3][-]{subsubsection.3.11.1.2}{\376\377\000S\000t\000a\000r\000t}{subsection.3.11.1}% 91
\BOOKMARK [2][-]{subsection.3.11.2}{\376\377\000M\000e\000m\000b\000e\000r\000\040\000D\000a\000t\000a\000\040\000D\000o\000c\000u\000m\000e\000n\000t\000a\000t\000i\000o\000n}{section.3.11}% 92
\BOOKMARK [3][-]{subsubsection.3.11.2.1}{\376\377\000c\000o\000l\000l\000i\000s\000i\000o\000n\000M\000a\000s\000k}{subsection.3.11.2}% 93
\BOOKMARK [3][-]{subsubsection.3.11.2.2}{\376\377\000g\000r\000o\000u\000n\000d\000e\000d}{subsection.3.11.2}% 94
\BOOKMARK [3][-]{subsubsection.3.11.2.3}{\376\377\000m\000o\000v\000e\000m\000e\000n\000t\000S\000t\000o\000p\000p\000e\000d}{subsection.3.11.2}% 95
\BOOKMARK [1][-]{section.3.12}{\376\377\000S\000p\000i\000k\000e\000O\000b\000s\000t\000a\000c\000l\000e\000\040\000C\000l\000a\000s\000s\000\040\000R\000e\000f\000e\000r\000e\000n\000c\000e}{chapter.3}% 96
\BOOKMARK [1][-]{section.3.13}{\376\377\000T\000e\000s\000t\000C\000o\000l\000l\000i\000d\000e\000r\000a\000n\000d\000H\000e\000a\000l\000t\000h\000\040\000C\000l\000a\000s\000s\000\040\000R\000e\000f\000e\000r\000e\000n\000c\000e}{chapter.3}% 97
\BOOKMARK [2][-]{subsection.3.13.1}{\376\377\000M\000e\000m\000b\000e\000r\000\040\000F\000u\000n\000c\000t\000i\000o\000n\000\040\000D\000o\000c\000u\000m\000e\000n\000t\000a\000t\000i\000o\000n}{section.3.13}% 98
\BOOKMARK [3][-]{subsubsection.3.13.1.1}{\376\377\000U\000p\000d\000a\000t\000e}{subsection.3.13.1}% 99
\BOOKMARK [2][-]{subsection.3.13.2}{\376\377\000M\000e\000m\000b\000e\000r\000\040\000D\000a\000t\000a\000\040\000D\000o\000c\000u\000m\000e\000n\000t\000a\000t\000i\000o\000n}{section.3.13}% 100
\BOOKMARK [3][-]{subsubsection.3.13.2.1}{\376\377\000N\000e\000w\000H\000e\000a\000l\000t\000h}{subsection.3.13.2}% 101
\BOOKMARK [3][-]{subsubsection.3.13.2.2}{\376\377\000P\000r\000e\000v\000i\000o\000u\000s\000H\000e\000a\000l\000t\000h}{subsection.3.13.2}% 102
\BOOKMARK [0][-]{section*.26}{\376\377\000I\000n\000d\000e\000x}{}% 103
